<?xml version="1.0" encoding="UTF-8"?>
<!-- Generated by org.testng.reporters.JUnitReportReporter -->
<testsuite skipped="0" hostname="DESKTOP-NE70A7B" name="testcases.Calculator" tests="2" failures="0" timestamp="2021-03-03T18:08:41 ICT" time="8.329" errors="0">
  <testcase name="Subtraction" time="3.973" classname="testcases.Calculator"/>
  <system-out/>
  <testcase name="Minus" time="4.356" classname="testcases.Calculator"/>
  <system-out/>
</testsuite> <!-- testcases.Calculator -->
