<?xml version="1.0" encoding="UTF-8"?>
<!-- Generated by org.testng.reporters.JUnitReportReporter -->
<testsuite skipped="0" hostname="DESKTOP-NE70A7B" name="testcases.TestEnvironment" tests="1" failures="0" timestamp="2021-03-02T23:34:47 ICT" time="3.514" errors="1">
  <testcase name="appiumFirstTestCase" time="3.514" classname="testcases.TestEnvironment">
    <error type="org.openqa.selenium.SessionNotCreatedException" message="Unable to create a new remote session. Please check the server log for more details. Original error: An unknown server-side error occurred while processing the command. Original error: Cannot verify the signature of &#039;C:\Users\Admin\AppData\Roaming\npm\node_modules\appium\node_modules\appium-uiautomator2-server\apks\appium-uiautomator2-server-v4.17.4.apk&#039;. Original error: Could not find &#039;apksigner.jar&#039; in [&quot;C:\\Android\\android-sdk\\platform-tools\\apksigner.jar&quot;,&quot;C:\\Android\\android-sdk\\emulator\\apksigner.jar&quot;,&quot;C:\\Android\\android-sdk\\cmdline-tools\\latest\\bin\\apksigner.jar&quot;,&quot;C:\\Android\\android-sdk\\tools\\apksigner.jar&quot;,&quot;C:\\Android\\android-sdk\\tools\\bin\\apksigner.jar&quot;,&quot;C:\\Android\\android-sdk\\apksigner.jar&quot;]. Do you have Android Build Tools installed at &#039;C:\Android\android-sdk&#039;?
Build info: version: &#039;3.141.59&#039;, revision: &#039;e82be7d358&#039;, time: &#039;2018-11-14T08:17:03&#039;
System info: host: &#039;DESKTOP-NE70A7B&#039;, ip: &#039;192.168.1.245&#039;, os.name: &#039;Windows 10&#039;, os.arch: &#039;amd64&#039;, os.version: &#039;10.0&#039;, java.version: &#039;1.8.0_271&#039;
Driver info: driver.version: AndroidDriver
remote stacktrace: UnknownError: An unknown server-side error occurred while processing the command. Original error: Cannot verify the signature of &#039;C:\Users\Admin\AppData\Roaming\npm\node_modules\appium\node_modules\appium-uiautomator2-server\apks\appium-uiautomator2-server-v4.17.4.apk&#039;. Original error: Could not find &#039;apksigner.jar&#039; in [&quot;C:\\Android\\android-sdk\\platform-tools\\apksigner.jar&quot;,&quot;C:\\Android\\android-sdk\\emulator\\apksigner.jar&quot;,&quot;C:\\Android\\android-sdk\\cmdline-tools\\latest\\bin\\apksigner.jar&quot;,&quot;C:\\Android\\android-sdk\\tools\\apksigner.jar&quot;,&quot;C:\\Android\\android-sdk\\tools\\bin\\apksigner.jar&quot;,&quot;C:\\Android\\android-sdk\\apksigner.jar&quot;]. Do you have Android Build Tools installed at &#039;C:\Android\android-sdk&#039;?
    at getResponseForW3CError (C:\Users\Admin\AppData\Roaming\npm\node_modules\appium\node_modules\appium-base-driver\lib\protocol\errors.js:804:9)
    at asyncHandler (C:\Users\Admin\AppData\Roaming\npm\node_modules\appium\node_modules\appium-base-driver\lib\protocol\protocol.js:380:37)
Build info: version: &#039;3.141.59&#039;, revision: &#039;e82be7d358&#039;, time: &#039;2018-11-14T08:17:03&#039;
System info: host: &#039;DESKTOP-NE70A7B&#039;, ip: &#039;192.168.1.245&#039;, os.name: &#039;Windows 10&#039;, os.arch: &#039;amd64&#039;, os.version: &#039;10.0&#039;, java.version: &#039;1.8.0_271&#039;
Driver info: driver.version: AndroidDriver">
      <![CDATA[org.openqa.selenium.SessionNotCreatedException: Unable to create a new remote session. Please check the server log for more details. Original error: An unknown server-side error occurred while processing the command. Original error: Cannot verify the signature of 'C:\Users\Admin\AppData\Roaming\npm\node_modules\appium\node_modules\appium-uiautomator2-server\apks\appium-uiautomator2-server-v4.17.4.apk'. Original error: Could not find 'apksigner.jar' in ["C:\\Android\\android-sdk\\platform-tools\\apksigner.jar","C:\\Android\\android-sdk\\emulator\\apksigner.jar","C:\\Android\\android-sdk\\cmdline-tools\\latest\\bin\\apksigner.jar","C:\\Android\\android-sdk\\tools\\apksigner.jar","C:\\Android\\android-sdk\\tools\\bin\\apksigner.jar","C:\\Android\\android-sdk\\apksigner.jar"]. Do you have Android Build Tools installed at 'C:\Android\android-sdk'?
Build info: version: '3.141.59', revision: 'e82be7d358', time: '2018-11-14T08:17:03'
System info: host: 'DESKTOP-NE70A7B', ip: '192.168.1.245', os.name: 'Windows 10', os.arch: 'amd64', os.version: '10.0', java.version: '1.8.0_271'
Driver info: driver.version: AndroidDriver
remote stacktrace: UnknownError: An unknown server-side error occurred while processing the command. Original error: Cannot verify the signature of 'C:\Users\Admin\AppData\Roaming\npm\node_modules\appium\node_modules\appium-uiautomator2-server\apks\appium-uiautomator2-server-v4.17.4.apk'. Original error: Could not find 'apksigner.jar' in ["C:\\Android\\android-sdk\\platform-tools\\apksigner.jar","C:\\Android\\android-sdk\\emulator\\apksigner.jar","C:\\Android\\android-sdk\\cmdline-tools\\latest\\bin\\apksigner.jar","C:\\Android\\android-sdk\\tools\\apksigner.jar","C:\\Android\\android-sdk\\tools\\bin\\apksigner.jar","C:\\Android\\android-sdk\\apksigner.jar"]. Do you have Android Build Tools installed at 'C:\Android\android-sdk'?
    at getResponseForW3CError (C:\Users\Admin\AppData\Roaming\npm\node_modules\appium\node_modules\appium-base-driver\lib\protocol\errors.js:804:9)
    at asyncHandler (C:\Users\Admin\AppData\Roaming\npm\node_modules\appium\node_modules\appium-base-driver\lib\protocol\protocol.js:380:37)
Build info: version: '3.141.59', revision: 'e82be7d358', time: '2018-11-14T08:17:03'
System info: host: 'DESKTOP-NE70A7B', ip: '192.168.1.245', os.name: 'Windows 10', os.arch: 'amd64', os.version: '10.0', java.version: '1.8.0_271'
Driver info: driver.version: AndroidDriver
at io.appium.java_client.remote.AppiumCommandExecutor$1.createSession(AppiumCommandExecutor.java:208)
at io.appium.java_client.remote.AppiumCommandExecutor.createSession(AppiumCommandExecutor.java:217)
at io.appium.java_client.remote.AppiumCommandExecutor.execute(AppiumCommandExecutor.java:239)
at org.openqa.selenium.remote.RemoteWebDriver.execute(RemoteWebDriver.java:552)
at io.appium.java_client.DefaultGenericMobileDriver.execute(DefaultGenericMobileDriver.java:41)
at io.appium.java_client.AppiumDriver.execute(AppiumDriver.java:1)
at io.appium.java_client.android.AndroidDriver.execute(AndroidDriver.java:1)
at org.openqa.selenium.remote.RemoteWebDriver.startSession(RemoteWebDriver.java:213)
at io.appium.java_client.AppiumDriver.startSession(AppiumDriver.java:336)
at org.openqa.selenium.remote.RemoteWebDriver.<init>(RemoteWebDriver.java:131)
at io.appium.java_client.DefaultGenericMobileDriver.<init>(DefaultGenericMobileDriver.java:37)
at io.appium.java_client.AppiumDriver.<init>(AppiumDriver.java:88)
at io.appium.java_client.AppiumDriver.<init>(AppiumDriver.java:98)
at io.appium.java_client.android.AndroidDriver.<init>(AndroidDriver.java:94)
at testcases.TestEnvironment.appiumFirstTestCase(TestEnvironment.java:25)
at sun.reflect.NativeMethodAccessorImpl.invoke0(Native Method)
at sun.reflect.NativeMethodAccessorImpl.invoke(Unknown Source)
at sun.reflect.DelegatingMethodAccessorImpl.invoke(Unknown Source)
at java.lang.reflect.Method.invoke(Unknown Source)
at org.testng.internal.MethodInvocationHelper.invokeMethod(MethodInvocationHelper.java:132)
at org.testng.internal.TestInvoker.invokeMethod(TestInvoker.java:599)
at org.testng.internal.TestInvoker.invokeTestMethod(TestInvoker.java:174)
at org.testng.internal.MethodRunner.runInSequence(MethodRunner.java:46)
at org.testng.internal.TestInvoker$MethodInvocationAgent.invoke(TestInvoker.java:822)
at org.testng.internal.TestInvoker.invokeTestMethods(TestInvoker.java:147)
at org.testng.internal.TestMethodWorker.invokeTestMethods(TestMethodWorker.java:146)
at org.testng.internal.TestMethodWorker.run(TestMethodWorker.java:128)
at java.util.ArrayList.forEach(Unknown Source)
at org.testng.TestRunner.privateRun(TestRunner.java:764)
at org.testng.TestRunner.run(TestRunner.java:585)
at org.testng.SuiteRunner.runTest(SuiteRunner.java:384)
at org.testng.SuiteRunner.runSequentially(SuiteRunner.java:378)
at org.testng.SuiteRunner.privateRun(SuiteRunner.java:337)
at org.testng.SuiteRunner.run(SuiteRunner.java:286)
at org.testng.SuiteRunnerWorker.runSuite(SuiteRunnerWorker.java:53)
at org.testng.SuiteRunnerWorker.run(SuiteRunnerWorker.java:96)
at org.testng.TestNG.runSuitesSequentially(TestNG.java:1218)
at org.testng.TestNG.runSuitesLocally(TestNG.java:1140)
at org.testng.TestNG.runSuites(TestNG.java:1069)
at org.testng.TestNG.run(TestNG.java:1037)
at org.testng.remote.AbstractRemoteTestNG.run(AbstractRemoteTestNG.java:115)
at org.testng.remote.RemoteTestNG.initAndRun(RemoteTestNG.java:251)
at org.testng.remote.RemoteTestNG.main(RemoteTestNG.java:77)
Caused by: java.lang.reflect.InvocationTargetException
at sun.reflect.NativeMethodAccessorImpl.invoke0(Native Method)
at sun.reflect.NativeMethodAccessorImpl.invoke(Unknown Source)
at sun.reflect.DelegatingMethodAccessorImpl.invoke(Unknown Source)
at java.lang.reflect.Method.invoke(Unknown Source)
at io.appium.java_client.remote.AppiumCommandExecutor$1.createSession(AppiumCommandExecutor.java:186)
... 42 more
Caused by: org.openqa.selenium.WebDriverException: An unknown server-side error occurred while processing the command. Original error: Cannot verify the signature of 'C:\Users\Admin\AppData\Roaming\npm\node_modules\appium\node_modules\appium-uiautomator2-server\apks\appium-uiautomator2-server-v4.17.4.apk'. Original error: Could not find 'apksigner.jar' in ["C:\\Android\\android-sdk\\platform-tools\\apksigner.jar","C:\\Android\\android-sdk\\emulator\\apksigner.jar","C:\\Android\\android-sdk\\cmdline-tools\\latest\\bin\\apksigner.jar","C:\\Android\\android-sdk\\tools\\apksigner.jar","C:\\Android\\android-sdk\\tools\\bin\\apksigner.jar","C:\\Android\\android-sdk\\apksigner.jar"]. Do you have Android Build Tools installed at 'C:\Android\android-sdk'?
Build info: version: '3.141.59', revision: 'e82be7d358', time: '2018-11-14T08:17:03'
System info: host: 'DESKTOP-NE70A7B', ip: '192.168.1.245', os.name: 'Windows 10', os.arch: 'amd64', os.version: '10.0', java.version: '1.8.0_271'
Driver info: driver.version: AndroidDriver
remote stacktrace: UnknownError: An unknown server-side error occurred while processing the command. Original error: Cannot verify the signature of 'C:\Users\Admin\AppData\Roaming\npm\node_modules\appium\node_modules\appium-uiautomator2-server\apks\appium-uiautomator2-server-v4.17.4.apk'. Original error: Could not find 'apksigner.jar' in ["C:\\Android\\android-sdk\\platform-tools\\apksigner.jar","C:\\Android\\android-sdk\\emulator\\apksigner.jar","C:\\Android\\android-sdk\\cmdline-tools\\latest\\bin\\apksigner.jar","C:\\Android\\android-sdk\\tools\\apksigner.jar","C:\\Android\\android-sdk\\tools\\bin\\apksigner.jar","C:\\Android\\android-sdk\\apksigner.jar"]. Do you have Android Build Tools installed at 'C:\Android\android-sdk'?
    at getResponseForW3CError (C:\Users\Admin\AppData\Roaming\npm\node_modules\appium\node_modules\appium-base-driver\lib\protocol\errors.js:804:9)
    at asyncHandler (C:\Users\Admin\AppData\Roaming\npm\node_modules\appium\node_modules\appium-base-driver\lib\protocol\protocol.js:380:37)
at sun.reflect.NativeConstructorAccessorImpl.newInstance0(Native Method)
at sun.reflect.NativeConstructorAccessorImpl.newInstance(Unknown Source)
at sun.reflect.DelegatingConstructorAccessorImpl.newInstance(Unknown Source)
at java.lang.reflect.Constructor.newInstance(Unknown Source)
at org.openqa.selenium.remote.W3CHandshakeResponse.lambda$errorHandler$0(W3CHandshakeResponse.java:62)
at org.openqa.selenium.remote.HandshakeResponse.lambda$getResponseFunction$0(HandshakeResponse.java:30)
at org.openqa.selenium.remote.ProtocolHandshake.lambda$createSession$0(ProtocolHandshake.java:126)
at java.util.stream.ReferencePipeline$3$1.accept(Unknown Source)
at java.util.Spliterators$ArraySpliterator.tryAdvance(Unknown Source)
at java.util.stream.ReferencePipeline.forEachWithCancel(Unknown Source)
at java.util.stream.AbstractPipeline.copyIntoWithCancel(Unknown Source)
at java.util.stream.AbstractPipeline.copyInto(Unknown Source)
at java.util.stream.AbstractPipeline.wrapAndCopyInto(Unknown Source)
at java.util.stream.FindOps$FindOp.evaluateSequential(Unknown Source)
at java.util.stream.AbstractPipeline.evaluate(Unknown Source)
at java.util.stream.ReferencePipeline.findFirst(Unknown Source)
at org.openqa.selenium.remote.ProtocolHandshake.createSession(ProtocolHandshake.java:128)
... 47 more
]]>
    </error>
  </testcase> <!-- appiumFirstTestCase -->
  <system-out/>
</testsuite> <!-- testcases.TestEnvironment -->
